TN:
SF:src/NirmalaFactory.sol
DA:16,2
FN:16,NirmalaFactory.allPairsLength
FNDA:2,NirmalaFactory.allPairsLength
DA:17,2
DA:20,1345
FN:20,NirmalaFactory.createPair
FNDA:1345,NirmalaFactory.createPair
DA:21,1345
BRDA:21,0,0,1
BRDA:21,0,1,1344
DA:22,1344
DA:23,1344
BRDA:23,1,0,2
BRDA:23,1,1,1342
DA:24,1342
BRDA:24,2,0,2
BRDA:24,2,1,1340
DA:26,1340
DA:27,1340
DA:29,1340
DA:30,1340
DA:31,1340
DA:32,1340
FNF:2
FNH:2
LF:13
LH:13
BRF:6
BRH:6
end_of_record
TN:
SF:src/NirmalaPair.sol
DA:54,1377
FN:54,NirmalaPair.constructor
FNDA:1377,NirmalaPair.constructor
DA:55,1377
DA:58,2132
FN:58,NirmalaPair.initialize
FNDA:2132,NirmalaPair.initialize
DA:59,2132
BRDA:59,0,0,1
BRDA:59,0,1,2131
DA:60,2131
BRDA:60,1,0,1
BRDA:60,1,1,2130
DA:61,2130
DA:62,2130
DA:65,2922
FN:65,NirmalaPair.getReserves
FNDA:2922,NirmalaPair.getReserves
DA:66,6609
DA:67,6609
DA:68,6609
DA:71,4203
FN:71,NirmalaPair._update
FNDA:4203,NirmalaPair._update
DA:72,4203
BRDA:72,2,0,2
BRDA:72,2,1,4201
DA:74,4201
DA:75,4201
DA:77,4201
DA:80,4201
BRDA:80,3,0,257
DA:82,257
DA:83,257
DA:88,4201
DA:90,4201
DA:91,4201
DA:92,4201
DA:95,2374
FN:95,NirmalaPair.mint
FNDA:2374,NirmalaPair.mint
DA:96,2374
DA:97,2374
DA:98,2374
DA:99,2374
DA:100,2374
DA:102,2374
DA:103,2374
BRDA:103,4,0,1858
BRDA:103,4,1,516
DA:104,1858
DA:105,1858
DA:107,516
DA:109,2374
BRDA:109,5,0,1
BRDA:109,5,1,2373
DA:110,2373
DA:112,2373
DA:113,2373
DA:116,525
FN:116,NirmalaPair.burn
FNDA:525,NirmalaPair.burn
DA:117,525
DA:118,525
DA:119,525
DA:120,525
DA:121,525
DA:122,525
DA:124,525
DA:125,525
DA:126,525
DA:127,525
BRDA:127,6,0,1
BRDA:127,6,1,524
DA:129,524
DA:130,524
DA:131,524
DA:132,524
DA:133,524
DA:135,524
DA:136,524
DA:139,789
FN:139,NirmalaPair.swap
FNDA:789,NirmalaPair.swap
DA:140,789
BRDA:140,7,0,1
BRDA:140,7,1,788
DA:141,788
DA:142,788
BRDA:142,8,0,1
BRDA:142,8,1,787
DA:144,787
DA:145,787
DA:147,787
DA:148,787
DA:149,787
BRDA:149,9,0,1
BRDA:149,9,1,786
DA:150,786
BRDA:150,10,0,9
DA:151,786
BRDA:151,11,0,777
DA:152,786
BRDA:152,12,0,2
DA:153,786
DA:154,786
DA:156,786
DA:157,786
DA:158,786
BRDA:158,13,0,1
BRDA:158,13,1,785
DA:160,785
DA:161,785
DA:162,785
BRDA:162,14,0,4
BRDA:162,14,1,781
DA:165,781
DA:166,781
DA:169,2
FN:169,NirmalaPair.skim
FNDA:2,NirmalaPair.skim
DA:170,2
DA:171,2
DA:172,2
DA:173,2
DA:176,4
FN:176,NirmalaPair.sync
FNDA:4,NirmalaPair.sync
DA:177,4
FNF:9
FNH:9
LF:85
LH:85
BRF:26
BRH:26
end_of_record
TN:
SF:src/NirmalaRouter.sol
DA:28,2
FN:28,NirmalaRouter.ensure
FNDA:2,NirmalaRouter.ensure
DA:29,2
BRDA:29,0,0,0
BRDA:29,0,1,4
DA:33,52
FN:33,NirmalaRouter.constructor
FNDA:52,NirmalaRouter.constructor
DA:34,52
DA:35,52
DA:38,5
FN:38,NirmalaRouter.receive
FNDA:5,NirmalaRouter.receive
DA:39,5
BRDA:39,1,0,1
BRDA:39,1,1,4
DA:42,1578
FN:42,NirmalaRouter._addLiquidity
FNDA:1578,NirmalaRouter._addLiquidity
DA:50,1578
BRDA:50,2,0,1061
DA:51,1061
DA:53,1578
DA:54,1578
BRDA:54,3,0,1061
BRDA:54,3,1,367
DA:55,1061
DA:57,517
DA:58,517
BRDA:58,4,0,149
BRDA:58,4,1,367
DA:59,149
BRDA:59,5,0,1
BRDA:59,5,1,148
DA:60,148
DA:62,368
DA:63,368
DA:64,368
BRDA:64,6,0,1
BRDA:64,6,1,367
DA:65,367
DA:70,1565
FN:70,NirmalaRouter.addLiquidity
FNDA:1565,NirmalaRouter.addLiquidity
DA:80,1564
DA:81,1562
DA:84,1562
FN:84,NirmalaRouter._settleLiquidity
FNDA:1562,NirmalaRouter._settleLiquidity
DA:88,1562
DA:89,1562
DA:90,1562
DA:91,1562
DA:94,14
FN:94,NirmalaRouter.addLiquidityETH
FNDA:14,NirmalaRouter.addLiquidityETH
DA:102,14
DA:104,14
DA:105,14
DA:106,14
DA:107,14
BRDA:107,7,0,1
BRDA:107,7,1,13
DA:108,13
DA:109,13
BRDA:109,8,0,1
DA:112,260
FN:112,NirmalaRouter.removeLiquidity
FNDA:260,NirmalaRouter.removeLiquidity
DA:121,265
DA:122,265
DA:123,265
DA:124,265
DA:125,265
DA:126,265
BRDA:126,9,0,1
BRDA:126,9,1,264
DA:127,264
BRDA:127,10,0,1
BRDA:127,10,1,263
DA:130,1
FN:130,NirmalaRouter.removeLiquidityETH
FNDA:1,NirmalaRouter.removeLiquidityETH
DA:138,2
DA:141,2
DA:142,2
DA:143,2
DA:146,5
FN:146,NirmalaRouter._permit
FNDA:5,NirmalaRouter._permit
DA:149,5
DA:150,5
BRDA:150,11,0,5
DA:151,2
BRDA:151,11,1,2
DA:152,2
BRDA:152,12,0,1
BRDA:152,12,1,1
DA:158,4
FN:158,NirmalaRouter.removeLiquidityWithPermit
FNDA:4,NirmalaRouter.removeLiquidityWithPermit
DA:171,4
DA:172,3
DA:175,1
FN:175,NirmalaRouter.removeLiquidityETHWithPermit
FNDA:1,NirmalaRouter.removeLiquidityETHWithPermit
DA:187,1
DA:188,1
DA:191,519
FN:191,NirmalaRouter._swap
FNDA:519,NirmalaRouter._swap
DA:192,519
DA:193,520
DA:194,520
DA:195,520
DA:196,520
DA:197,520
DA:198,520
DA:199,520
DA:203,261
FN:203,NirmalaRouter.swapExactTokensForTokens
FNDA:261,NirmalaRouter.swapExactTokensForTokens
DA:210,260
DA:211,259
BRDA:211,13,0,1
BRDA:211,13,1,258
DA:212,258
DA:213,258
DA:216,258
FN:216,NirmalaRouter.swapTokensForExactTokens
FNDA:258,NirmalaRouter.swapTokensForExactTokens
DA:223,258
DA:224,258
BRDA:224,14,0,1
BRDA:224,14,1,257
DA:225,257
DA:226,257
DA:229,4
FN:229,NirmalaRouter.swapExactETHForTokens
FNDA:4,NirmalaRouter.swapExactETHForTokens
DA:235,4
DA:236,4
BRDA:236,15,0,1
BRDA:236,15,1,3
DA:237,3
BRDA:237,16,0,1
BRDA:237,16,1,2
DA:238,2
DA:239,2
BRDA:239,17,0,1
BRDA:239,17,1,1
DA:243,1
DA:246,3
FN:246,NirmalaRouter.swapTokensForExactETH
FNDA:3,NirmalaRouter.swapTokensForExactETH
DA:253,3
DA:254,3
BRDA:254,18,0,1
BRDA:254,18,1,2
DA:255,2
BRDA:255,19,0,1
BRDA:255,19,1,1
DA:256,1
DA:257,1
DA:258,1
DA:259,1
DA:262,3
FN:262,NirmalaRouter.swapExactTokensForETH
FNDA:3,NirmalaRouter.swapExactTokensForETH
DA:269,3
DA:270,3
BRDA:270,20,0,1
BRDA:270,20,1,2
DA:271,2
BRDA:271,21,0,1
BRDA:271,21,1,1
DA:272,1
DA:273,1
DA:274,1
DA:275,1
DA:278,4
FN:278,NirmalaRouter.swapETHForExactTokens
FNDA:4,NirmalaRouter.swapETHForExactTokens
DA:284,4
DA:285,4
BRDA:285,22,0,1
BRDA:285,22,1,3
DA:286,3
BRDA:286,23,0,1
BRDA:286,23,1,2
DA:287,2
DA:288,2
BRDA:288,24,0,1
BRDA:288,24,1,1
DA:292,1
DA:293,1
BRDA:293,25,0,1
DA:296,1
FN:296,NirmalaRouter.quote
FNDA:1,NirmalaRouter.quote
DA:297,1
DA:300,1
FN:300,NirmalaRouter.getAmountOut
FNDA:1,NirmalaRouter.getAmountOut
DA:305,1
DA:308,1
FN:308,NirmalaRouter.getAmountIn
FNDA:1,NirmalaRouter.getAmountIn
DA:313,1
DA:316,264
FN:316,NirmalaRouter.getAmountsOut
FNDA:264,NirmalaRouter.getAmountsOut
DA:317,264
DA:320,263
FN:320,NirmalaRouter.getAmountsIn
FNDA:263,NirmalaRouter.getAmountsIn
DA:321,263
FNF:24
FNH:24
LF:121
LH:121
BRF:49
BRH:48
end_of_record
TN:
SF:src/libraries/NirmalaLibrary.sol
DA:17,8990
FN:17,NirmalaLibrary.sortTokens
FNDA:8990,NirmalaLibrary.sortTokens
DA:18,8990
BRDA:18,0,0,1
BRDA:18,0,1,8989
DA:19,8989
DA:20,8989
BRDA:20,1,0,2
BRDA:20,1,1,8987
DA:23,5545
FN:23,NirmalaLibrary.pairFor
FNDA:5545,NirmalaLibrary.pairFor
DA:24,5545
DA:25,5545
DA:29,5545
DA:32,2655
FN:32,NirmalaLibrary.getReserves
FNDA:2655,NirmalaLibrary.getReserves
DA:37,2655
DA:38,2655
DA:39,2654
DA:42,1147
FN:42,NirmalaLibrary.quote
FNDA:1147,NirmalaLibrary.quote
DA:43,1147
BRDA:43,2,0,1
BRDA:43,2,1,1146
DA:44,1146
BRDA:44,3,0,2
BRDA:44,3,1,1144
DA:45,1144
DA:48,1057
FN:48,NirmalaLibrary.getAmountOut
FNDA:1057,NirmalaLibrary.getAmountOut
DA:53,1057
BRDA:53,4,0,1
BRDA:53,4,1,1056
DA:54,1056
BRDA:54,5,0,2
BRDA:54,5,1,1054
DA:55,1054
DA:56,1054
DA:57,1054
DA:58,1054
DA:61,798
FN:61,NirmalaLibrary.getAmountIn
FNDA:798,NirmalaLibrary.getAmountIn
DA:66,798
BRDA:66,6,0,1
BRDA:66,6,1,797
DA:67,797
BRDA:67,7,0,2
BRDA:67,7,1,795
DA:68,795
BRDA:68,8,0,1
BRDA:68,8,1,794
DA:69,794
DA:70,794
DA:71,794
DA:74,534
FN:74,NirmalaLibrary.getAmountsOut
FNDA:534,NirmalaLibrary.getAmountsOut
DA:79,534
BRDA:79,9,0,1
BRDA:79,9,1,533
DA:80,533
DA:81,533
DA:82,533
DA:83,536
DA:84,535
DA:88,531
FN:88,NirmalaLibrary.getAmountsIn
FNDA:531,NirmalaLibrary.getAmountsIn
DA:93,531
BRDA:93,10,0,1
BRDA:93,10,1,530
DA:94,530
DA:95,530
DA:96,530
DA:97,531
DA:98,531
FNF:8
FNH:8
LF:44
LH:44
BRF:22
BRH:22
end_of_record
TN:
SF:src/libraries/UQ112x112.sol
DA:7,1545
FN:7,UQ112x112.encode
FNDA:1545,UQ112x112.encode
DA:9,1545
DA:13,1542
FN:13,UQ112x112.uqdiv
FNDA:1542,UQ112x112.uqdiv
DA:14,1542
FNF:2
FNH:2
LF:4
LH:4
BRF:0
BRH:0
end_of_record
TN:
SF:test/NirmalaLibraryTest.t.sol
DA:12,5
FN:12,NirmalaLibraryHarness.sortTokens
FNDA:5,NirmalaLibraryHarness.sortTokens
DA:13,5
DA:16,2
FN:16,NirmalaLibraryHarness.pairFor
FNDA:2,NirmalaLibraryHarness.pairFor
DA:17,2
DA:20,10
FN:20,NirmalaLibraryHarness.getReserves
FNDA:10,NirmalaLibraryHarness.getReserves
DA:21,10
DA:24,260
FN:24,NirmalaLibraryHarness.quote
FNDA:260,NirmalaLibraryHarness.quote
DA:25,260
DA:28,520
FN:28,NirmalaLibraryHarness.getAmountOut
FNDA:520,NirmalaLibraryHarness.getAmountOut
DA:29,520
DA:32,265
FN:32,NirmalaLibraryHarness.getAmountIn
FNDA:265,NirmalaLibraryHarness.getAmountIn
DA:33,265
DA:36,2
FN:36,NirmalaLibraryHarness.getAmountsOut
FNDA:2,NirmalaLibraryHarness.getAmountsOut
DA:41,2
DA:44,2
FN:44,NirmalaLibraryHarness.getAmountsIn
FNDA:2,NirmalaLibraryHarness.getAmountsIn
DA:49,2
FNF:8
FNH:8
LF:16
LH:16
BRF:0
BRH:0
end_of_record
TN:
SF:test/NirmalaPairTest.t.sol
DA:13,521
FN:13,NirmalaPairHarness.update
FNDA:521,NirmalaPairHarness.update
DA:14,521
FNF:1
FNH:1
LF:2
LH:2
BRF:0
BRH:0
end_of_record
TN:
SF:test/NirmalaTokenTest.t.sol
DA:11,520
FN:11,NirmalaTokenHarness.mint
FNDA:520,NirmalaTokenHarness.mint
DA:12,520
DA:15,2
FN:15,NirmalaTokenHarness.burn
FNDA:2,NirmalaTokenHarness.burn
DA:16,2
FNF:2
FNH:2
LF:4
LH:4
BRF:0
BRH:0
end_of_record
TN:
SF:test/UQ112x112Test.t.sol
DA:8,517
FN:8,UQ112x112Harness.encode
FNDA:517,UQ112x112Harness.encode
DA:9,517
DA:12,514
FN:12,UQ112x112Harness.uqdiv
FNDA:514,UQ112x112Harness.uqdiv
DA:13,514
FNF:2
FNH:2
LF:4
LH:4
BRF:0
BRH:0
end_of_record
TN:
SF:test/mocks/FalseTransferWETH.sol
DA:10,3
FN:10,FalseTransferWETH.deposit
FNDA:3,FalseTransferWETH.deposit
DA:11,3
DA:14,0
FN:14,FalseTransferWETH.withdraw
FNDA:0,FalseTransferWETH.withdraw
DA:15,0
DA:16,0
DA:17,0
BRDA:17,0,0,-
BRDA:17,0,1,-
DA:20,3
FN:20,FalseTransferWETH.transfer
FNDA:3,FalseTransferWETH.transfer
DA:21,3
DA:24,0
FN:24,FalseTransferWETH.receive
FNDA:0,FalseTransferWETH.receive
DA:25,0
FNF:4
FNH:2
LF:10
LH:4
BRF:2
BRH:0
end_of_record
TN:
SF:test/mocks/MockERC20.sol
DA:10,5532
FN:10,MockERC20.mint
FNDA:5532,MockERC20.mint
DA:11,5532
FNF:1
FNH:1
LF:2
LH:2
BRF:0
BRH:0
end_of_record
TN:
SF:test/mocks/MockNirmalaCallee.sol
DA:9,2
FN:9,MockNirmalaCallee.nirmalaCall
FNDA:2,MockNirmalaCallee.nirmalaCall
DA:10,2
DA:11,2
DA:13,2
BRDA:13,0,0,2
DA:14,2
BRDA:14,1,0,0
FNF:1
FNH:1
LF:5
LH:5
BRF:2
BRH:1
end_of_record
TN:
SF:test/mocks/WETH9.sol
DA:11,15
FN:11,WETH9.deposit
FNDA:15,WETH9.deposit
DA:12,15
DA:15,4
FN:15,WETH9.withdraw
FNDA:4,WETH9.withdraw
DA:16,4
DA:17,4
DA:18,4
BRDA:18,0,0,0
BRDA:18,0,1,4
DA:21,0
FN:21,WETH9.receive
FNDA:0,WETH9.receive
DA:22,0
FNF:3
FNH:2
LF:8
LH:6
BRF:2
BRH:1
end_of_record
